          1 個のファイルをコピーしました。
          1 個のファイルをコピーしました。
  DebugScene.cpp
  DescriptorHeapManager.cpp
  DirectXCommon.cpp
  PSODescriptor.cpp
  PSOFactory.cpp
  RootSignatureBuilder.cpp
  Dump.cpp
  Logger.cpp
  WinApp.cpp
  Camera.cpp
  CameraController.cpp
  DebugCamera.cpp
  Engine.cpp
  FrameTimer.cpp
  Audio.cpp
  AudioManager.cpp
  ImGuiManager.cpp
  MyImGui.cpp
  InputManager.cpp
  ModelManager.cpp
  ObjectIDManager.cpp
  DemoScene.cpp
  SceneManager.cpp
  Texture.cpp
  TextureManager.cpp
  FadeEffect.cpp
  SlideEffect.cpp
  TransitionManager.cpp
  MyFunction.cpp
  MyMath.cpp
  Random.cpp
  TimedCall.cpp
  GameObject.cpp
  Material.cpp
  MaterialGroup.cpp
  Mesh.cpp
  Model.cpp
  Transform3D.cpp
  Light.cpp
  GridLine.cpp
  LineRenderer.cpp
  Sprite.cpp
  Transform2D.cpp
  OffscreenRenderer.cpp
  OffscreenTriangle.cpp
  DepthFogPostEffect.cpp
  DepthOfFieldPostEffect.cpp
  GrayscalePostEffect.cpp
  LineGlitchPostEffect.cpp
  RGBShiftPostEffect.cpp
  VignettePostEffect.cpp
  PostProcessChain.cpp
  imgui.cpp
  imgui_demo.cpp
  imgui_draw.cpp
  imgui_impl_dx12.cpp
  imgui_impl_win32.cpp
  imgui_tables.cpp
  imgui_widgets.cpp
  Game.cpp
  main.cpp
  mikamiEngine.vcxproj -> C:\Users\k023g\OneDrive\デスクトップ\2025_LE2A\Late_2025\mikamiEngine\x64\Debug\mikamiEngine.exe
