c:\users\k023g\onedrive\デスクトップ\2025_le2a\late_2025\mikamiengine\mikamiengine\x64\debug\debugcamera.nativecodeanalysis.sarif
c:\users\k023g\onedrive\デスクトップ\2025_le2a\late_2025\mikamiengine\mikamiengine\x64\debug\debugcamera.nativecodeanalysis.xml
c:\users\k023g\onedrive\デスクトップ\2025_le2a\late_2025\mikamiengine\mikamiengine\x64\debug\debugcamera.obj
c:\users\k023g\onedrive\デスクトップ\2025_le2a\late_2025\mikamiengine\mikamiengine\x64\debug\myfunction.nativecodeanalysis.sarif
c:\users\k023g\onedrive\デスクトップ\2025_le2a\late_2025\mikamiengine\mikamiengine\x64\debug\myfunction.nativecodeanalysis.xml
c:\users\k023g\onedrive\デスクトップ\2025_le2a\late_2025\mikamiengine\mikamiengine\x64\debug\myfunction.obj
c:\users\k023g\onedrive\デスクトップ\2025_le2a\late_2025\mikamiengine\mikamiengine\x64\debug\model.nativecodeanalysis.sarif
c:\users\k023g\onedrive\デスクトップ\2025_le2a\late_2025\mikamiengine\mikamiengine\x64\debug\model.nativecodeanalysis.xml
c:\users\k023g\onedrive\デスクトップ\2025_le2a\late_2025\mikamiengine\mikamiengine\x64\debug\model.obj
c:\users\k023g\onedrive\デスクトップ\2025_le2a\late_2025\mikamiengine\mikamiengine\x64\debug\imgui_impl_win32.nativecodeanalysis.sarif
c:\users\k023g\onedrive\デスクトップ\2025_le2a\late_2025\mikamiengine\mikamiengine\x64\debug\imgui_impl_win32.nativecodeanalysis.xml
c:\users\k023g\onedrive\デスクトップ\2025_le2a\late_2025\mikamiengine\mikamiengine\x64\debug\imgui_impl_win32.obj
c:\users\k023g\onedrive\デスクトップ\2025_le2a\late_2025\mikamiengine\mikamiengine\x64\debug\camera.nativecodeanalysis.sarif
c:\users\k023g\onedrive\デスクトップ\2025_le2a\late_2025\mikamiengine\mikamiengine\x64\debug\camera.nativecodeanalysis.xml
c:\users\k023g\onedrive\デスクトップ\2025_le2a\late_2025\mikamiengine\mikamiengine\x64\debug\camera.obj
c:\users\k023g\onedrive\デスクトップ\2025_le2a\late_2025\mikamiengine\mikamiengine\x64\debug\transitionmanager.nativecodeanalysis.sarif
c:\users\k023g\onedrive\デスクトップ\2025_le2a\late_2025\mikamiengine\mikamiengine\x64\debug\transitionmanager.nativecodeanalysis.xml
c:\users\k023g\onedrive\デスクトップ\2025_le2a\late_2025\mikamiengine\mikamiengine\x64\debug\transitionmanager.obj
c:\users\k023g\onedrive\デスクトップ\2025_le2a\late_2025\mikamiengine\mikamiengine\x64\debug\lineglitchposteffect.nativecodeanalysis.sarif
c:\users\k023g\onedrive\デスクトップ\2025_le2a\late_2025\mikamiengine\mikamiengine\x64\debug\lineglitchposteffect.nativecodeanalysis.xml
c:\users\k023g\onedrive\デスクトップ\2025_le2a\late_2025\mikamiengine\mikamiengine\x64\debug\lineglitchposteffect.obj
c:\users\k023g\onedrive\デスクトップ\2025_le2a\late_2025\mikamiengine\mikamiengine\x64\debug\descriptorheapmanager.nativecodeanalysis.sarif
c:\users\k023g\onedrive\デスクトップ\2025_le2a\late_2025\mikamiengine\mikamiengine\x64\debug\descriptorheapmanager.nativecodeanalysis.xml
c:\users\k023g\onedrive\デスクトップ\2025_le2a\late_2025\mikamiengine\mikamiengine\x64\debug\descriptorheapmanager.obj
c:\users\k023g\onedrive\デスクトップ\2025_le2a\late_2025\mikamiengine\mikamiengine\x64\debug\texturemanager.nativecodeanalysis.sarif
c:\users\k023g\onedrive\デスクトップ\2025_le2a\late_2025\mikamiengine\mikamiengine\x64\debug\texturemanager.nativecodeanalysis.xml
c:\users\k023g\onedrive\デスクトップ\2025_le2a\late_2025\mikamiengine\mikamiengine\x64\debug\texturemanager.obj
c:\users\k023g\onedrive\デスクトップ\2025_le2a\late_2025\mikamiengine\mikamiengine\x64\debug\transform2d.nativecodeanalysis.sarif
c:\users\k023g\onedrive\デスクトップ\2025_le2a\late_2025\mikamiengine\mikamiengine\x64\debug\transform2d.nativecodeanalysis.xml
c:\users\k023g\onedrive\デスクトップ\2025_le2a\late_2025\mikamiengine\mikamiengine\x64\debug\transform2d.obj
c:\users\k023g\onedrive\デスクトップ\2025_le2a\late_2025\mikamiengine\mikamiengine\x64\debug\imgui_tables.nativecodeanalysis.sarif
c:\users\k023g\onedrive\デスクトップ\2025_le2a\late_2025\mikamiengine\mikamiengine\x64\debug\imgui_tables.nativecodeanalysis.xml
c:\users\k023g\onedrive\デスクトップ\2025_le2a\late_2025\mikamiengine\mikamiengine\x64\debug\imgui_tables.obj
c:\users\k023g\onedrive\デスクトップ\2025_le2a\late_2025\mikamiengine\mikamiengine\x64\debug\engine.nativecodeanalysis.sarif
c:\users\k023g\onedrive\デスクトップ\2025_le2a\late_2025\mikamiengine\mikamiengine\x64\debug\engine.nativecodeanalysis.xml
c:\users\k023g\onedrive\デスクトップ\2025_le2a\late_2025\mikamiengine\mikamiengine\x64\debug\engine.obj
c:\users\k023g\onedrive\デスクトップ\2025_le2a\late_2025\mikamiengine\mikamiengine\x64\debug\material.nativecodeanalysis.sarif
c:\users\k023g\onedrive\デスクトップ\2025_le2a\late_2025\mikamiengine\mikamiengine\x64\debug\material.nativecodeanalysis.xml
c:\users\k023g\onedrive\デスクトップ\2025_le2a\late_2025\mikamiengine\mikamiengine\x64\debug\material.obj
c:\users\k023g\onedrive\デスクトップ\2025_le2a\late_2025\mikamiengine\mikamiengine\x64\debug\depthfogposteffect.nativecodeanalysis.sarif
c:\users\k023g\onedrive\デスクトップ\2025_le2a\late_2025\mikamiengine\mikamiengine\x64\debug\depthfogposteffect.nativecodeanalysis.xml
c:\users\k023g\onedrive\デスクトップ\2025_le2a\late_2025\mikamiengine\mikamiengine\x64\debug\depthfogposteffect.obj
c:\users\k023g\onedrive\デスクトップ\2025_le2a\late_2025\mikamiengine\mikamiengine\x64\debug\directxcommon.nativecodeanalysis.sarif
c:\users\k023g\onedrive\デスクトップ\2025_le2a\late_2025\mikamiengine\mikamiengine\x64\debug\directxcommon.nativecodeanalysis.xml
c:\users\k023g\onedrive\デスクトップ\2025_le2a\late_2025\mikamiengine\mikamiengine\x64\debug\directxcommon.obj
c:\users\k023g\onedrive\デスクトップ\2025_le2a\late_2025\mikamiengine\mikamiengine\x64\debug\gameobject.nativecodeanalysis.sarif
c:\users\k023g\onedrive\デスクトップ\2025_le2a\late_2025\mikamiengine\mikamiengine\x64\debug\gameobject.nativecodeanalysis.xml
c:\users\k023g\onedrive\デスクトップ\2025_le2a\late_2025\mikamiengine\mikamiengine\x64\debug\gameobject.obj
c:\users\k023g\onedrive\デスクトップ\2025_le2a\late_2025\mikamiengine\mikamiengine\x64\debug\rgbshiftposteffect.nativecodeanalysis.sarif
c:\users\k023g\onedrive\デスクトップ\2025_le2a\late_2025\mikamiengine\mikamiengine\x64\debug\rgbshiftposteffect.nativecodeanalysis.xml
c:\users\k023g\onedrive\デスクトップ\2025_le2a\late_2025\mikamiengine\mikamiengine\x64\debug\rgbshiftposteffect.obj
c:\users\k023g\onedrive\デスクトップ\2025_le2a\late_2025\mikamiengine\mikamiengine\x64\debug\audio.nativecodeanalysis.sarif
c:\users\k023g\onedrive\デスクトップ\2025_le2a\late_2025\mikamiengine\mikamiengine\x64\debug\audio.nativecodeanalysis.xml
c:\users\k023g\onedrive\デスクトップ\2025_le2a\late_2025\mikamiengine\mikamiengine\x64\debug\audio.obj
c:\users\k023g\onedrive\デスクトップ\2025_le2a\late_2025\mikamiengine\mikamiengine\x64\debug\modelmanager.nativecodeanalysis.sarif
c:\users\k023g\onedrive\デスクトップ\2025_le2a\late_2025\mikamiengine\mikamiengine\x64\debug\modelmanager.nativecodeanalysis.xml
c:\users\k023g\onedrive\デスクトップ\2025_le2a\late_2025\mikamiengine\mikamiengine\x64\debug\modelmanager.obj
c:\users\k023g\onedrive\デスクトップ\2025_le2a\late_2025\mikamiengine\mikamiengine\x64\debug\gridline.nativecodeanalysis.sarif
c:\users\k023g\onedrive\デスクトップ\2025_le2a\late_2025\mikamiengine\mikamiengine\x64\debug\gridline.nativecodeanalysis.xml
c:\users\k023g\onedrive\デスクトップ\2025_le2a\late_2025\mikamiengine\mikamiengine\x64\debug\gridline.obj
c:\users\k023g\onedrive\デスクトップ\2025_le2a\late_2025\mikamiengine\mikamiengine\x64\debug\imgui_draw.nativecodeanalysis.sarif
c:\users\k023g\onedrive\デスクトップ\2025_le2a\late_2025\mikamiengine\mikamiengine\x64\debug\imgui_draw.nativecodeanalysis.xml
c:\users\k023g\onedrive\デスクトップ\2025_le2a\late_2025\mikamiengine\mikamiengine\x64\debug\imgui_draw.obj
c:\users\k023g\onedrive\デスクトップ\2025_le2a\late_2025\mikamiengine\mikamiengine\x64\debug\imguimanager.nativecodeanalysis.sarif
c:\users\k023g\onedrive\デスクトップ\2025_le2a\late_2025\mikamiengine\mikamiengine\x64\debug\imguimanager.nativecodeanalysis.xml
c:\users\k023g\onedrive\デスクトップ\2025_le2a\late_2025\mikamiengine\mikamiengine\x64\debug\imguimanager.obj
c:\users\k023g\onedrive\デスクトップ\2025_le2a\late_2025\mikamiengine\mikamiengine\x64\debug\slideeffect.nativecodeanalysis.sarif
c:\users\k023g\onedrive\デスクトップ\2025_le2a\late_2025\mikamiengine\mikamiengine\x64\debug\slideeffect.nativecodeanalysis.xml
c:\users\k023g\onedrive\デスクトップ\2025_le2a\late_2025\mikamiengine\mikamiengine\x64\debug\slideeffect.obj
c:\users\k023g\onedrive\デスクトップ\2025_le2a\late_2025\mikamiengine\mikamiengine\x64\debug\depthoffieldposteffect.nativecodeanalysis.sarif
c:\users\k023g\onedrive\デスクトップ\2025_le2a\late_2025\mikamiengine\mikamiengine\x64\debug\depthoffieldposteffect.nativecodeanalysis.xml
c:\users\k023g\onedrive\デスクトップ\2025_le2a\late_2025\mikamiengine\mikamiengine\x64\debug\depthoffieldposteffect.obj
c:\users\k023g\onedrive\デスクトップ\2025_le2a\late_2025\mikamiengine\mikamiengine\x64\debug\psofactory.nativecodeanalysis.sarif
c:\users\k023g\onedrive\デスクトップ\2025_le2a\late_2025\mikamiengine\mikamiengine\x64\debug\psofactory.nativecodeanalysis.xml
c:\users\k023g\onedrive\デスクトップ\2025_le2a\late_2025\mikamiengine\mikamiengine\x64\debug\psofactory.obj
c:\users\k023g\onedrive\デスクトップ\2025_le2a\late_2025\mikamiengine\mikamiengine\x64\debug\mymath.nativecodeanalysis.sarif
c:\users\k023g\onedrive\デスクトップ\2025_le2a\late_2025\mikamiengine\mikamiengine\x64\debug\mymath.nativecodeanalysis.xml
c:\users\k023g\onedrive\デスクトップ\2025_le2a\late_2025\mikamiengine\mikamiengine\x64\debug\mymath.obj
c:\users\k023g\onedrive\デスクトップ\2025_le2a\late_2025\mikamiengine\mikamiengine\x64\debug\materialgroup.nativecodeanalysis.sarif
c:\users\k023g\onedrive\デスクトップ\2025_le2a\late_2025\mikamiengine\mikamiengine\x64\debug\materialgroup.nativecodeanalysis.xml
c:\users\k023g\onedrive\デスクトップ\2025_le2a\late_2025\mikamiengine\mikamiengine\x64\debug\materialgroup.obj
c:\users\k023g\onedrive\デスクトップ\2025_le2a\late_2025\mikamiengine\mikamiengine\x64\debug\vignetteposteffect.nativecodeanalysis.sarif
c:\users\k023g\onedrive\デスクトップ\2025_le2a\late_2025\mikamiengine\mikamiengine\x64\debug\vignetteposteffect.nativecodeanalysis.xml
c:\users\k023g\onedrive\デスクトップ\2025_le2a\late_2025\mikamiengine\mikamiengine\x64\debug\vignetteposteffect.obj
c:\users\k023g\onedrive\デスクトップ\2025_le2a\late_2025\mikamiengine\mikamiengine\x64\debug\psodescriptor.nativecodeanalysis.sarif
c:\users\k023g\onedrive\デスクトップ\2025_le2a\late_2025\mikamiengine\mikamiengine\x64\debug\psodescriptor.nativecodeanalysis.xml
c:\users\k023g\onedrive\デスクトップ\2025_le2a\late_2025\mikamiengine\mikamiengine\x64\debug\psodescriptor.obj
c:\users\k023g\onedrive\デスクトップ\2025_le2a\late_2025\mikamiengine\mikamiengine\x64\debug\myimgui.nativecodeanalysis.sarif
c:\users\k023g\onedrive\デスクトップ\2025_le2a\late_2025\mikamiengine\mikamiengine\x64\debug\myimgui.nativecodeanalysis.xml
c:\users\k023g\onedrive\デスクトップ\2025_le2a\late_2025\mikamiengine\mikamiengine\x64\debug\myimgui.obj
c:\users\k023g\onedrive\デスクトップ\2025_le2a\late_2025\mikamiengine\mikamiengine\x64\debug\demoscene.nativecodeanalysis.sarif
c:\users\k023g\onedrive\デスクトップ\2025_le2a\late_2025\mikamiengine\mikamiengine\x64\debug\demoscene.nativecodeanalysis.xml
c:\users\k023g\onedrive\デスクトップ\2025_le2a\late_2025\mikamiengine\mikamiengine\x64\debug\demoscene.obj
c:\users\k023g\onedrive\デスクトップ\2025_le2a\late_2025\mikamiengine\mikamiengine\x64\debug\offscreentriangle.nativecodeanalysis.sarif
c:\users\k023g\onedrive\デスクトップ\2025_le2a\late_2025\mikamiengine\mikamiengine\x64\debug\offscreentriangle.nativecodeanalysis.xml
c:\users\k023g\onedrive\デスクトップ\2025_le2a\late_2025\mikamiengine\mikamiengine\x64\debug\offscreentriangle.obj
c:\users\k023g\onedrive\デスクトップ\2025_le2a\late_2025\mikamiengine\mikamiengine\x64\debug\main.nativecodeanalysis.sarif
c:\users\k023g\onedrive\デスクトップ\2025_le2a\late_2025\mikamiengine\mikamiengine\x64\debug\main.nativecodeanalysis.xml
c:\users\k023g\onedrive\デスクトップ\2025_le2a\late_2025\mikamiengine\mikamiengine\x64\debug\main.obj
c:\users\k023g\onedrive\デスクトップ\2025_le2a\late_2025\mikamiengine\mikamiengine\x64\debug\winapp.nativecodeanalysis.sarif
c:\users\k023g\onedrive\デスクトップ\2025_le2a\late_2025\mikamiengine\mikamiengine\x64\debug\winapp.nativecodeanalysis.xml
c:\users\k023g\onedrive\デスクトップ\2025_le2a\late_2025\mikamiengine\mikamiengine\x64\debug\winapp.obj
c:\users\k023g\onedrive\デスクトップ\2025_le2a\late_2025\mikamiengine\mikamiengine\x64\debug\inputmanager.nativecodeanalysis.sarif
c:\users\k023g\onedrive\デスクトップ\2025_le2a\late_2025\mikamiengine\mikamiengine\x64\debug\inputmanager.nativecodeanalysis.xml
c:\users\k023g\onedrive\デスクトップ\2025_le2a\late_2025\mikamiengine\mikamiengine\x64\debug\inputmanager.obj
c:\users\k023g\onedrive\デスクトップ\2025_le2a\late_2025\mikamiengine\mikamiengine\x64\debug\transform3d.nativecodeanalysis.sarif
c:\users\k023g\onedrive\デスクトップ\2025_le2a\late_2025\mikamiengine\mikamiengine\x64\debug\transform3d.nativecodeanalysis.xml
c:\users\k023g\onedrive\デスクトップ\2025_le2a\late_2025\mikamiengine\mikamiengine\x64\debug\transform3d.obj
c:\users\k023g\onedrive\デスクトップ\2025_le2a\late_2025\mikamiengine\mikamiengine\x64\debug\imgui.nativecodeanalysis.sarif
c:\users\k023g\onedrive\デスクトップ\2025_le2a\late_2025\mikamiengine\mikamiengine\x64\debug\imgui.nativecodeanalysis.xml
c:\users\k023g\onedrive\デスクトップ\2025_le2a\late_2025\mikamiengine\mikamiengine\x64\debug\imgui.obj
c:\users\k023g\onedrive\デスクトップ\2025_le2a\late_2025\mikamiengine\mikamiengine\x64\debug\logger.nativecodeanalysis.sarif
c:\users\k023g\onedrive\デスクトップ\2025_le2a\late_2025\mikamiengine\mikamiengine\x64\debug\logger.nativecodeanalysis.xml
c:\users\k023g\onedrive\デスクトップ\2025_le2a\late_2025\mikamiengine\mikamiengine\x64\debug\logger.obj
c:\users\k023g\onedrive\デスクトップ\2025_le2a\late_2025\mikamiengine\mikamiengine\x64\debug\scenemanager.nativecodeanalysis.sarif
c:\users\k023g\onedrive\デスクトップ\2025_le2a\late_2025\mikamiengine\mikamiengine\x64\debug\scenemanager.nativecodeanalysis.xml
c:\users\k023g\onedrive\デスクトップ\2025_le2a\late_2025\mikamiengine\mikamiengine\x64\debug\scenemanager.obj
c:\users\k023g\onedrive\デスクトップ\2025_le2a\late_2025\mikamiengine\mikamiengine\x64\debug\offscreenrenderer.nativecodeanalysis.sarif
c:\users\k023g\onedrive\デスクトップ\2025_le2a\late_2025\mikamiengine\mikamiengine\x64\debug\offscreenrenderer.nativecodeanalysis.xml
c:\users\k023g\onedrive\デスクトップ\2025_le2a\late_2025\mikamiengine\mikamiengine\x64\debug\offscreenrenderer.obj
c:\users\k023g\onedrive\デスクトップ\2025_le2a\late_2025\mikamiengine\mikamiengine\x64\debug\dump.nativecodeanalysis.sarif
c:\users\k023g\onedrive\デスクトップ\2025_le2a\late_2025\mikamiengine\mikamiengine\x64\debug\dump.nativecodeanalysis.xml
c:\users\k023g\onedrive\デスクトップ\2025_le2a\late_2025\mikamiengine\mikamiengine\x64\debug\dump.obj
c:\users\k023g\onedrive\デスクトップ\2025_le2a\late_2025\mikamiengine\mikamiengine\x64\debug\objectidmanager.nativecodeanalysis.sarif
c:\users\k023g\onedrive\デスクトップ\2025_le2a\late_2025\mikamiengine\mikamiengine\x64\debug\objectidmanager.nativecodeanalysis.xml
c:\users\k023g\onedrive\デスクトップ\2025_le2a\late_2025\mikamiengine\mikamiengine\x64\debug\objectidmanager.obj
c:\users\k023g\onedrive\デスクトップ\2025_le2a\late_2025\mikamiengine\mikamiengine\x64\debug\linerenderer.nativecodeanalysis.sarif
c:\users\k023g\onedrive\デスクトップ\2025_le2a\late_2025\mikamiengine\mikamiengine\x64\debug\linerenderer.nativecodeanalysis.xml
c:\users\k023g\onedrive\デスクトップ\2025_le2a\late_2025\mikamiengine\mikamiengine\x64\debug\linerenderer.obj
c:\users\k023g\onedrive\デスクトップ\2025_le2a\late_2025\mikamiengine\mikamiengine\x64\debug\imgui_impl_dx12.nativecodeanalysis.sarif
c:\users\k023g\onedrive\デスクトップ\2025_le2a\late_2025\mikamiengine\mikamiengine\x64\debug\imgui_impl_dx12.nativecodeanalysis.xml
c:\users\k023g\onedrive\デスクトップ\2025_le2a\late_2025\mikamiengine\mikamiengine\x64\debug\imgui_impl_dx12.obj
c:\users\k023g\onedrive\デスクトップ\2025_le2a\late_2025\mikamiengine\mikamiengine\x64\debug\rootsignaturebuilder.nativecodeanalysis.sarif
c:\users\k023g\onedrive\デスクトップ\2025_le2a\late_2025\mikamiengine\mikamiengine\x64\debug\rootsignaturebuilder.nativecodeanalysis.xml
c:\users\k023g\onedrive\デスクトップ\2025_le2a\late_2025\mikamiengine\mikamiengine\x64\debug\rootsignaturebuilder.obj
c:\users\k023g\onedrive\デスクトップ\2025_le2a\late_2025\mikamiengine\mikamiengine\x64\debug\texture.nativecodeanalysis.sarif
c:\users\k023g\onedrive\デスクトップ\2025_le2a\late_2025\mikamiengine\mikamiengine\x64\debug\texture.nativecodeanalysis.xml
c:\users\k023g\onedrive\デスクトップ\2025_le2a\late_2025\mikamiengine\mikamiengine\x64\debug\texture.obj
c:\users\k023g\onedrive\デスクトップ\2025_le2a\late_2025\mikamiengine\mikamiengine\x64\debug\sprite.nativecodeanalysis.sarif
c:\users\k023g\onedrive\デスクトップ\2025_le2a\late_2025\mikamiengine\mikamiengine\x64\debug\sprite.nativecodeanalysis.xml
c:\users\k023g\onedrive\デスクトップ\2025_le2a\late_2025\mikamiengine\mikamiengine\x64\debug\sprite.obj
c:\users\k023g\onedrive\デスクトップ\2025_le2a\late_2025\mikamiengine\mikamiengine\x64\debug\game.nativecodeanalysis.sarif
c:\users\k023g\onedrive\デスクトップ\2025_le2a\late_2025\mikamiengine\mikamiengine\x64\debug\game.nativecodeanalysis.xml
c:\users\k023g\onedrive\デスクトップ\2025_le2a\late_2025\mikamiengine\mikamiengine\x64\debug\game.obj
c:\users\k023g\onedrive\デスクトップ\2025_le2a\late_2025\mikamiengine\mikamiengine\x64\debug\cameracontroller.nativecodeanalysis.sarif
c:\users\k023g\onedrive\デスクトップ\2025_le2a\late_2025\mikamiengine\mikamiengine\x64\debug\cameracontroller.nativecodeanalysis.xml
c:\users\k023g\onedrive\デスクトップ\2025_le2a\late_2025\mikamiengine\mikamiengine\x64\debug\cameracontroller.obj
c:\users\k023g\onedrive\デスクトップ\2025_le2a\late_2025\mikamiengine\mikamiengine\x64\debug\random.nativecodeanalysis.sarif
c:\users\k023g\onedrive\デスクトップ\2025_le2a\late_2025\mikamiengine\mikamiengine\x64\debug\random.nativecodeanalysis.xml
c:\users\k023g\onedrive\デスクトップ\2025_le2a\late_2025\mikamiengine\mikamiengine\x64\debug\random.obj
c:\users\k023g\onedrive\デスクトップ\2025_le2a\late_2025\mikamiengine\mikamiengine\x64\debug\mesh.nativecodeanalysis.sarif
c:\users\k023g\onedrive\デスクトップ\2025_le2a\late_2025\mikamiengine\mikamiengine\x64\debug\mesh.nativecodeanalysis.xml
c:\users\k023g\onedrive\デスクトップ\2025_le2a\late_2025\mikamiengine\mikamiengine\x64\debug\mesh.obj
c:\users\k023g\onedrive\デスクトップ\2025_le2a\late_2025\mikamiengine\mikamiengine\x64\debug\postprocesschain.nativecodeanalysis.sarif
c:\users\k023g\onedrive\デスクトップ\2025_le2a\late_2025\mikamiengine\mikamiengine\x64\debug\postprocesschain.nativecodeanalysis.xml
c:\users\k023g\onedrive\デスクトップ\2025_le2a\late_2025\mikamiengine\mikamiengine\x64\debug\postprocesschain.obj
c:\users\k023g\onedrive\デスクトップ\2025_le2a\late_2025\mikamiengine\mikamiengine\x64\debug\frametimer.nativecodeanalysis.sarif
c:\users\k023g\onedrive\デスクトップ\2025_le2a\late_2025\mikamiengine\mikamiengine\x64\debug\frametimer.nativecodeanalysis.xml
c:\users\k023g\onedrive\デスクトップ\2025_le2a\late_2025\mikamiengine\mikamiengine\x64\debug\frametimer.obj
c:\users\k023g\onedrive\デスクトップ\2025_le2a\late_2025\mikamiengine\mikamiengine\x64\debug\fadeeffect.nativecodeanalysis.sarif
c:\users\k023g\onedrive\デスクトップ\2025_le2a\late_2025\mikamiengine\mikamiengine\x64\debug\fadeeffect.nativecodeanalysis.xml
c:\users\k023g\onedrive\デスクトップ\2025_le2a\late_2025\mikamiengine\mikamiengine\x64\debug\fadeeffect.obj
c:\users\k023g\onedrive\デスクトップ\2025_le2a\late_2025\mikamiengine\mikamiengine\x64\debug\grayscaleposteffect.nativecodeanalysis.sarif
c:\users\k023g\onedrive\デスクトップ\2025_le2a\late_2025\mikamiengine\mikamiengine\x64\debug\grayscaleposteffect.nativecodeanalysis.xml
c:\users\k023g\onedrive\デスクトップ\2025_le2a\late_2025\mikamiengine\mikamiengine\x64\debug\grayscaleposteffect.obj
c:\users\k023g\onedrive\デスクトップ\2025_le2a\late_2025\mikamiengine\mikamiengine\x64\debug\audiomanager.nativecodeanalysis.sarif
c:\users\k023g\onedrive\デスクトップ\2025_le2a\late_2025\mikamiengine\mikamiengine\x64\debug\audiomanager.nativecodeanalysis.xml
c:\users\k023g\onedrive\デスクトップ\2025_le2a\late_2025\mikamiengine\mikamiengine\x64\debug\audiomanager.obj
c:\users\k023g\onedrive\デスクトップ\2025_le2a\late_2025\mikamiengine\mikamiengine\x64\debug\timedcall.nativecodeanalysis.sarif
c:\users\k023g\onedrive\デスクトップ\2025_le2a\late_2025\mikamiengine\mikamiengine\x64\debug\timedcall.nativecodeanalysis.xml
c:\users\k023g\onedrive\デスクトップ\2025_le2a\late_2025\mikamiengine\mikamiengine\x64\debug\timedcall.obj
c:\users\k023g\onedrive\デスクトップ\2025_le2a\late_2025\mikamiengine\mikamiengine\x64\debug\light.nativecodeanalysis.sarif
c:\users\k023g\onedrive\デスクトップ\2025_le2a\late_2025\mikamiengine\mikamiengine\x64\debug\light.nativecodeanalysis.xml
c:\users\k023g\onedrive\デスクトップ\2025_le2a\late_2025\mikamiengine\mikamiengine\x64\debug\light.obj
c:\users\k023g\onedrive\デスクトップ\2025_le2a\late_2025\mikamiengine\mikamiengine\x64\debug\imgui_demo.nativecodeanalysis.sarif
c:\users\k023g\onedrive\デスクトップ\2025_le2a\late_2025\mikamiengine\mikamiengine\x64\debug\imgui_demo.nativecodeanalysis.xml
c:\users\k023g\onedrive\デスクトップ\2025_le2a\late_2025\mikamiengine\mikamiengine\x64\debug\imgui_demo.obj
c:\users\k023g\onedrive\デスクトップ\2025_le2a\late_2025\mikamiengine\mikamiengine\x64\debug\imgui_widgets.nativecodeanalysis.sarif
c:\users\k023g\onedrive\デスクトップ\2025_le2a\late_2025\mikamiengine\mikamiengine\x64\debug\imgui_widgets.nativecodeanalysis.xml
c:\users\k023g\onedrive\デスクトップ\2025_le2a\late_2025\mikamiengine\mikamiengine\x64\debug\imgui_widgets.obj
c:\users\k023g\onedrive\デスクトップ\2025_le2a\late_2025\mikamiengine\mikamiengine\x64\debug\vc143.pdb
c:\users\k023g\onedrive\デスクトップ\2025_le2a\late_2025\mikamiengine\x64\debug\mikamiengine.exe
c:\users\k023g\onedrive\デスクトップ\2025_le2a\late_2025\mikamiengine\x64\debug\mikamiengine.pdb
c:\users\k023g\onedrive\デスクトップ\2025_le2a\late_2025\mikamiengine\mikamiengine\x64\debug\mikamiengine.ilk
c:\users\k023g\onedrive\デスクトップ\2025_le2a\late_2025\mikamiengine\mikamiengine\x64\debug\vc143.idb
c:\users\k023g\onedrive\デスクトップ\2025_le2a\late_2025\mikamiengine\mikamiengine\x64\debug\vc.nativecodeanalysis.all.xml
c:\users\k023g\onedrive\デスクトップ\2025_le2a\late_2025\mikamiengine\mikamiengine\x64\debug\mikamiengine.tlog\cl.11392.write.1.tlog
c:\users\k023g\onedrive\デスクトップ\2025_le2a\late_2025\mikamiengine\mikamiengine\x64\debug\mikamiengine.tlog\cl.command.1.tlog
c:\users\k023g\onedrive\デスクトップ\2025_le2a\late_2025\mikamiengine\mikamiengine\x64\debug\mikamiengine.tlog\cl.items.tlog
c:\users\k023g\onedrive\デスクトップ\2025_le2a\late_2025\mikamiengine\mikamiengine\x64\debug\mikamiengine.tlog\cl.read.1.tlog
c:\users\k023g\onedrive\デスクトップ\2025_le2a\late_2025\mikamiengine\mikamiengine\x64\debug\mikamiengine.tlog\link.command.1.tlog
c:\users\k023g\onedrive\デスクトップ\2025_le2a\late_2025\mikamiengine\mikamiengine\x64\debug\mikamiengine.tlog\link.read.1.tlog
c:\users\k023g\onedrive\デスクトップ\2025_le2a\late_2025\mikamiengine\mikamiengine\x64\debug\mikamiengine.tlog\link.secondary.1.tlog
c:\users\k023g\onedrive\デスクトップ\2025_le2a\late_2025\mikamiengine\mikamiengine\x64\debug\mikamiengine.tlog\link.write.1.tlog
