  Game.cpp
  DebugScene.cpp
  DirectXCommon.cpp
  PSOFactory.cpp
  WinApp.cpp
  Camera.cpp
  CameraController.cpp
  DebugCamera.cpp
  Engine.cpp
  FrameTimer.cpp
  AudioManager.cpp
  ImGuiManager.cpp
  InputManager.cpp
  ModelManager.cpp
  ObjectIDManager.cpp
  DemoScene.cpp
  SceneManager.cpp
  Texture.cpp
  TextureManager.cpp
  FadeEffect.cpp
  SlideEffect.cpp
  TransitionManager.cpp
  GameObject.cpp
  Material.cpp
  MaterialGroup.cpp
  Mesh.cpp
  Model.cpp
  Transform3D.cpp
  Light.cpp
  GridLine.cpp
  LineRenderer.cpp
  Sprite.cpp
  Transform2D.cpp
  OffscreenRenderer.cpp
  OffscreenTriangle.cpp
  DepthFogPostEffect.cpp
  DepthOfFieldPostEffect.cpp
  GrayscalePostEffect.cpp
  LineGlitchPostEffect.cpp
  RGBShiftPostEffect.cpp
  VignettePostEffect.cpp
  PostProcessChain.cpp
  main.cpp
  コード生成しています。
  4 of 7672 functions (<0.1%) were compiled, the rest were copied from previous compilation.
    0 functions were new in current compilation
    14 functions had inline decision re-evaluated but remain unchanged
  コード生成が終了しました。
  mikamiEngine.vcxproj -> C:\Users\k023g\OneDrive\デスクトップ\2025_LE2A\Late_2025\mikamiEngine\x64\Release\mikamiEngine.exe
