  Game.cpp
  DebugScene.cpp
  DirectXCommon.cpp
  PSOFactory.cpp
  Camera.cpp
  CameraController.cpp
  DebugCamera.cpp
  Engine.cpp
  FrameTimer.cpp
  AudioManager.cpp
  ImGuiManager.cpp
  InputManager.cpp
  ModelManager.cpp
  ObjectIDManager.cpp
  DemoScene.cpp
  SceneManager.cpp
  Texture.cpp
  TextureManager.cpp
  FadeEffect.cpp
  SlideEffect.cpp
  TransitionManager.cpp
  GameObject.cpp
  Material.cpp
  MaterialGroup.cpp
  Mesh.cpp
  Model.cpp
  Transform3D.cpp
  Light.cpp
  GridLine.cpp
  LineRenderer.cpp
  Sprite.cpp
  Transform2D.cpp
  OffscreenRenderer.cpp
  OffscreenTriangle.cpp
  DepthFogPostEffect.cpp
  DepthOfFieldPostEffect.cpp
  GrayscalePostEffect.cpp
  LineGlitchPostEffect.cpp
  RGBShiftPostEffect.cpp
  VignettePostEffect.cpp
  PostProcessChain.cpp
  main.cpp
  main.obj : MSIL .netmodule または /GL を伴ってコンパイルされたモジュールが見つかりました。/LTCG を使用して再開始してください。リンカーのパフォーマンスを向上させるためには、コマンドラインに /LTCG を追加してください。
  コード生成しています。
  コード生成が終了しました。
  mikamiEngine.vcxproj -> C:\Users\k023g\OneDrive\デスクトップ\2025_LE2A\Late_2025\mikamiEngine\x64\Development\mikamiEngine.exe
