c:\users\k023g\onedrive\デスクトップ\2025_le2a\late_2025\mikamiengine\mikamiengine\x64\development\imguimanager.obj
c:\users\k023g\onedrive\デスクトップ\2025_le2a\late_2025\mikamiengine\mikamiengine\x64\development\fadeeffect.obj
c:\users\k023g\onedrive\デスクトップ\2025_le2a\late_2025\mikamiengine\mikamiengine\x64\development\depthfogposteffect.obj
c:\users\k023g\onedrive\デスクトップ\2025_le2a\late_2025\mikamiengine\mikamiengine\x64\development\cameracontroller.obj
c:\users\k023g\onedrive\デスクトップ\2025_le2a\late_2025\mikamiengine\mikamiengine\x64\development\mymath.obj
c:\users\k023g\onedrive\デスクトップ\2025_le2a\late_2025\mikamiengine\mikamiengine\x64\development\materialgroup.obj
c:\users\k023g\onedrive\デスクトップ\2025_le2a\late_2025\mikamiengine\mikamiengine\x64\development\postprocesschain.obj
c:\users\k023g\onedrive\デスクトップ\2025_le2a\late_2025\mikamiengine\mikamiengine\x64\development\debugcamera.obj
c:\users\k023g\onedrive\デスクトップ\2025_le2a\late_2025\mikamiengine\mikamiengine\x64\development\transitionmanager.obj
c:\users\k023g\onedrive\デスクトップ\2025_le2a\late_2025\mikamiengine\mikamiengine\x64\development\lineglitchposteffect.obj
c:\users\k023g\onedrive\デスクトップ\2025_le2a\late_2025\mikamiengine\mikamiengine\x64\development\winapp.obj
c:\users\k023g\onedrive\デスクトップ\2025_le2a\late_2025\mikamiengine\mikamiengine\x64\development\inputmanager.obj
c:\users\k023g\onedrive\デスクトップ\2025_le2a\late_2025\mikamiengine\mikamiengine\x64\development\model.obj
c:\users\k023g\onedrive\デスクトップ\2025_le2a\late_2025\mikamiengine\mikamiengine\x64\development\imgui_impl_win32.obj
c:\users\k023g\onedrive\デスクトップ\2025_le2a\late_2025\mikamiengine\mikamiengine\x64\development\logger.obj
c:\users\k023g\onedrive\デスクトップ\2025_le2a\late_2025\mikamiengine\mikamiengine\x64\development\texture.obj
c:\users\k023g\onedrive\デスクトップ\2025_le2a\late_2025\mikamiengine\mikamiengine\x64\development\offscreenrenderer.obj
c:\users\k023g\onedrive\デスクトップ\2025_le2a\late_2025\mikamiengine\mikamiengine\x64\development\dump.obj
c:\users\k023g\onedrive\デスクトップ\2025_le2a\late_2025\mikamiengine\mikamiengine\x64\development\demoscene.obj
c:\users\k023g\onedrive\デスクトップ\2025_le2a\late_2025\mikamiengine\mikamiengine\x64\development\sprite.obj
c:\users\k023g\onedrive\デスクトップ\2025_le2a\late_2025\mikamiengine\mikamiengine\x64\development\engine.obj
c:\users\k023g\onedrive\デスクトップ\2025_le2a\late_2025\mikamiengine\mikamiengine\x64\development\material.obj
c:\users\k023g\onedrive\デスクトップ\2025_le2a\late_2025\mikamiengine\mikamiengine\x64\development\grayscaleposteffect.obj
c:\users\k023g\onedrive\デスクトップ\2025_le2a\late_2025\mikamiengine\mikamiengine\x64\development\camera.obj
c:\users\k023g\onedrive\デスクトップ\2025_le2a\late_2025\mikamiengine\mikamiengine\x64\development\myfunction.obj
c:\users\k023g\onedrive\デスクトップ\2025_le2a\late_2025\mikamiengine\mikamiengine\x64\development\transform3d.obj
c:\users\k023g\onedrive\デスクトップ\2025_le2a\late_2025\mikamiengine\mikamiengine\x64\development\imgui.obj
c:\users\k023g\onedrive\デスクトップ\2025_le2a\late_2025\mikamiengine\mikamiengine\x64\development\imgui_tables.obj
c:\users\k023g\onedrive\デスクトップ\2025_le2a\late_2025\mikamiengine\mikamiengine\x64\development\psofactory.obj
c:\users\k023g\onedrive\デスクトップ\2025_le2a\late_2025\mikamiengine\mikamiengine\x64\development\random.obj
c:\users\k023g\onedrive\デスクトップ\2025_le2a\late_2025\mikamiengine\mikamiengine\x64\development\mesh.obj
c:\users\k023g\onedrive\デスクトップ\2025_le2a\late_2025\mikamiengine\mikamiengine\x64\development\vignetteposteffect.obj
c:\users\k023g\onedrive\デスクトップ\2025_le2a\late_2025\mikamiengine\mikamiengine\x64\development\psodescriptor.obj
c:\users\k023g\onedrive\デスクトップ\2025_le2a\late_2025\mikamiengine\mikamiengine\x64\development\myimgui.obj
c:\users\k023g\onedrive\デスクトップ\2025_le2a\late_2025\mikamiengine\mikamiengine\x64\development\objectidmanager.obj
c:\users\k023g\onedrive\デスクトップ\2025_le2a\late_2025\mikamiengine\mikamiengine\x64\development\linerenderer.obj
c:\users\k023g\onedrive\デスクトップ\2025_le2a\late_2025\mikamiengine\mikamiengine\x64\development\game.obj
c:\users\k023g\onedrive\デスクトップ\2025_le2a\late_2025\mikamiengine\mikamiengine\x64\development\directxcommon.obj
c:\users\k023g\onedrive\デスクトップ\2025_le2a\late_2025\mikamiengine\mikamiengine\x64\development\gameobject.obj
c:\users\k023g\onedrive\デスクトップ\2025_le2a\late_2025\mikamiengine\mikamiengine\x64\development\rgbshiftposteffect.obj
c:\users\k023g\onedrive\デスクトップ\2025_le2a\late_2025\mikamiengine\mikamiengine\x64\development\audiomanager.obj
c:\users\k023g\onedrive\デスクトップ\2025_le2a\late_2025\mikamiengine\mikamiengine\x64\development\timedcall.obj
c:\users\k023g\onedrive\デスクトップ\2025_le2a\late_2025\mikamiengine\mikamiengine\x64\development\light.obj
c:\users\k023g\onedrive\デスクトップ\2025_le2a\late_2025\mikamiengine\mikamiengine\x64\development\imgui_demo.obj
c:\users\k023g\onedrive\デスクトップ\2025_le2a\late_2025\mikamiengine\mikamiengine\x64\development\imgui_impl_dx12.obj
c:\users\k023g\onedrive\デスクトップ\2025_le2a\late_2025\mikamiengine\mikamiengine\x64\development\rootsignaturebuilder.obj
c:\users\k023g\onedrive\デスクトップ\2025_le2a\late_2025\mikamiengine\mikamiengine\x64\development\scenemanager.obj
c:\users\k023g\onedrive\デスクトップ\2025_le2a\late_2025\mikamiengine\mikamiengine\x64\development\transform2d.obj
c:\users\k023g\onedrive\デスクトップ\2025_le2a\late_2025\mikamiengine\mikamiengine\x64\development\audio.obj
c:\users\k023g\onedrive\デスクトップ\2025_le2a\late_2025\mikamiengine\mikamiengine\x64\development\modelmanager.obj
c:\users\k023g\onedrive\デスクトップ\2025_le2a\late_2025\mikamiengine\mikamiengine\x64\development\gridline.obj
c:\users\k023g\onedrive\デスクトップ\2025_le2a\late_2025\mikamiengine\mikamiengine\x64\development\imgui_draw.obj
c:\users\k023g\onedrive\デスクトップ\2025_le2a\late_2025\mikamiengine\mikamiengine\x64\development\imgui_widgets.obj
c:\users\k023g\onedrive\デスクトップ\2025_le2a\late_2025\mikamiengine\mikamiengine\x64\development\descriptorheapmanager.obj
c:\users\k023g\onedrive\デスクトップ\2025_le2a\late_2025\mikamiengine\mikamiengine\x64\development\texturemanager.obj
c:\users\k023g\onedrive\デスクトップ\2025_le2a\late_2025\mikamiengine\mikamiengine\x64\development\offscreentriangle.obj
c:\users\k023g\onedrive\デスクトップ\2025_le2a\late_2025\mikamiengine\mikamiengine\x64\development\frametimer.obj
c:\users\k023g\onedrive\デスクトップ\2025_le2a\late_2025\mikamiengine\mikamiengine\x64\development\slideeffect.obj
c:\users\k023g\onedrive\デスクトップ\2025_le2a\late_2025\mikamiengine\mikamiengine\x64\development\depthoffieldposteffect.obj
c:\users\k023g\onedrive\デスクトップ\2025_le2a\late_2025\mikamiengine\mikamiengine\x64\development\main.obj
c:\users\k023g\onedrive\デスクトップ\2025_le2a\late_2025\mikamiengine\mikamiengine\x64\development\vc143.pdb
c:\users\k023g\onedrive\デスクトップ\2025_le2a\late_2025\mikamiengine\x64\development\mikamiengine.exe
c:\users\k023g\onedrive\デスクトップ\2025_le2a\late_2025\mikamiengine\x64\development\mikamiengine.pdb
c:\users\k023g\onedrive\デスクトップ\2025_le2a\late_2025\mikamiengine\mikamiengine\x64\development\mikamiengine.ipdb
c:\users\k023g\onedrive\デスクトップ\2025_le2a\late_2025\mikamiengine\mikamiengine\x64\development\mikamiengine.iobj
c:\users\k023g\onedrive\デスクトップ\2025_le2a\late_2025\mikamiengine\mikamiengine\x64\development\mikamiengine.tlog\cl.command.1.tlog
c:\users\k023g\onedrive\デスクトップ\2025_le2a\late_2025\mikamiengine\mikamiengine\x64\development\mikamiengine.tlog\cl.items.tlog
c:\users\k023g\onedrive\デスクトップ\2025_le2a\late_2025\mikamiengine\mikamiengine\x64\development\mikamiengine.tlog\cl.read.1.tlog
c:\users\k023g\onedrive\デスクトップ\2025_le2a\late_2025\mikamiengine\mikamiengine\x64\development\mikamiengine.tlog\cl.write.1.tlog
c:\users\k023g\onedrive\デスクトップ\2025_le2a\late_2025\mikamiengine\mikamiengine\x64\development\mikamiengine.tlog\link.command.1.tlog
c:\users\k023g\onedrive\デスクトップ\2025_le2a\late_2025\mikamiengine\mikamiengine\x64\development\mikamiengine.tlog\link.read.1.tlog
c:\users\k023g\onedrive\デスクトップ\2025_le2a\late_2025\mikamiengine\mikamiengine\x64\development\mikamiengine.tlog\link.secondary.1.tlog
c:\users\k023g\onedrive\デスクトップ\2025_le2a\late_2025\mikamiengine\mikamiengine\x64\development\mikamiengine.tlog\link.write.1.tlog
